DEXIE HEARTBEAT: Thu Feb 12 2026 21:20:01 GMT-0500 (Eastern Standard Time) - Check memory, tasks, git status, report status
DEXIE HEARTBEAT: Thu Feb 12 2026 21:40:01 GMT-0500 (Eastern Standard Time) - Check memory, tasks, git status, report status
DEXIE HEARTBEAT: Thu Feb 12 2026 22:00:01 GMT-0500 (Eastern Standard Time) - Check memory, tasks, git status, report status
DEXIE HEARTBEAT: Thu Feb 12 2026 22:20:01 GMT-0500 (Eastern Standard Time) - Check memory, tasks, git status, report status
DEXIE HEARTBEAT: Thu Feb 12 2026 22:40:02 GMT-0500 (Eastern Standard Time) - Check memory, tasks, git status, report status
DEXIE HEARTBEAT: Thu Feb 12 2026 23:00:01 GMT-0500 (Eastern Standard Time) - Check memory, tasks, git status, report status
DEXIE HEARTBEAT: Thu Feb 12 2026 23:20:01 GMT-0500 (Eastern Standard Time) - Check memory, tasks, git status, report status
DEXIE HEARTBEAT: Thu Feb 12 2026 23:40:01 GMT-0500 (Eastern Standard Time) - Check memory, tasks, git status, report status
DEXIE HEARTBEAT: Fri Feb 13 2026 00:00:01 GMT-0500 (Eastern Standard Time) - Check memory, tasks, git status, report status
DEXIE HEARTBEAT: Fri Feb 13 2026 00:20:01 GMT-0500 (Eastern Standard Time) - Check memory, tasks, git status, report status
DEXIE HEARTBEAT: Fri Feb 13 2026 00:40:01 GMT-0500 (Eastern Standard Time) - Check memory, tasks, git status, report status
DEXIE HEARTBEAT: Fri Feb 13 2026 01:00:01 GMT-0500 (Eastern Standard Time) - Check memory, tasks, git status, report status
DEXIE HEARTBEAT: Fri Feb 13 2026 01:20:01 GMT-0500 (Eastern Standard Time) - Check memory, tasks, git status, report status
[2026-02-13T06:40:01.259Z] DEXIE HEARTBEAT: Starting checks...
[2026-02-13T07:00:01.342Z] DEXIE HEARTBEAT: Starting checks...
[2026-02-13T07:20:01.542Z] DEXIE HEARTBEAT: Starting checks...
[2026-02-13T07:40:01.616Z] DEXIE HEARTBEAT: Starting checks...
[2026-02-13T08:20:01.924Z] DEXIE HEARTBEAT: Starting checks...
[2026-02-13T08:40:02.007Z] DEXIE HEARTBEAT: Starting checks...
[2026-02-13T09:00:01.097Z] DEXIE HEARTBEAT: Starting checks...
[2026-02-13T09:20:01.298Z] DEXIE HEARTBEAT: Starting checks...
[2026-02-13T09:40:01.382Z] DEXIE HEARTBEAT: Starting checks...
[2026-02-13T10:00:01.464Z] DEXIE HEARTBEAT: Starting checks...
[2026-02-13T10:20:01.673Z] DEXIE HEARTBEAT: Starting checks...
[2026-02-13T10:40:01.766Z] DEXIE HEARTBEAT: Starting checks...
[2026-02-13T11:00:01.899Z] DEXIE HEARTBEAT: Starting checks...
[2026-02-13T11:20:01.233Z] DEXIE HEARTBEAT: Starting checks...
[2026-02-13T11:40:01.333Z] DEXIE HEARTBEAT: Starting checks...
[2026-02-13T12:00:01.424Z] DEXIE HEARTBEAT: Starting checks...
[2026-02-13T12:20:01.484Z] DEXIE HEARTBEAT: Starting checks...
[2026-02-13T12:40:01.581Z] DEXIE HEARTBEAT: Starting checks...
[2026-02-13T13:00:01.674Z] DEXIE HEARTBEAT: Starting checks...
[2026-02-13T13:20:01.895Z] DEXIE HEARTBEAT: Starting checks...
[2026-02-13T13:40:01.991Z] DEXIE HEARTBEAT: Starting checks...
[2026-02-13T14:00:01.083Z] DEXIE HEARTBEAT: Starting checks...
[2026-02-13T14:20:01.298Z] DEXIE HEARTBEAT: Starting checks...
[2026-02-13T14:40:01.412Z] DEXIE HEARTBEAT: Starting checks...
[2026-02-13T15:00:01.499Z] DEXIE HEARTBEAT: Starting checks...
[2026-02-13T15:20:01.697Z] DEXIE HEARTBEAT: Starting checks...
[2026-02-13T15:40:01.799Z] DEXIE HEARTBEAT: Starting checks...
[2026-02-13T16:00:01.887Z] DEXIE HEARTBEAT: Starting checks...
[2026-02-13T16:20:01.105Z] DEXIE HEARTBEAT: Starting checks...
[2026-02-13T16:40:01.208Z] DEXIE HEARTBEAT: Starting checks...
[2026-02-13T17:00:01.293Z] DEXIE HEARTBEAT: Starting checks...
[2026-02-13T17:20:01.479Z] DEXIE HEARTBEAT: Starting checks...
[2026-02-13T17:40:01.572Z] DEXIE HEARTBEAT: Starting checks...
[2026-02-13T18:00:01.664Z] DEXIE HEARTBEAT: Starting checks...
[2026-02-13T18:20:01.867Z] DEXIE HEARTBEAT: Starting checks...
[2026-02-13T18:40:01.969Z] DEXIE HEARTBEAT: Starting checks...
[2026-02-13T19:00:02.059Z] DEXIE HEARTBEAT: Starting checks...
[2026-02-13T19:20:01.264Z] DEXIE HEARTBEAT: Starting checks...
[2026-02-13T19:40:01.364Z] DEXIE HEARTBEAT: Starting checks...
[2026-02-13T20:00:01.451Z] DEXIE HEARTBEAT: Starting checks...
[2026-02-13T20:20:01.644Z] DEXIE HEARTBEAT: Starting checks...
[2026-02-13T20:40:01.736Z] DEXIE HEARTBEAT: Starting checks...
[2026-02-13T21:00:01.825Z] DEXIE HEARTBEAT: Starting checks...
[2026-02-13T21:20:02.032Z] DEXIE HEARTBEAT: Starting checks...
[2026-02-13T21:40:01.133Z] DEXIE HEARTBEAT: Starting checks...
[2026-02-13T22:00:01.228Z] DEXIE HEARTBEAT: Starting checks...
[2026-02-13T22:20:01.418Z] DEXIE HEARTBEAT: Starting checks...
[2026-02-13T22:40:01.518Z] DEXIE HEARTBEAT: Starting checks...
[2026-02-13T23:00:01.604Z] DEXIE HEARTBEAT: Starting checks...
[2026-02-13T23:20:01.806Z] DEXIE HEARTBEAT: Starting checks...
[2026-02-13T23:40:01.910Z] DEXIE HEARTBEAT: Starting checks...
[2026-02-14T00:00:02.000Z] DEXIE HEARTBEAT: Starting checks...
[2026-02-14T00:20:01.214Z] DEXIE HEARTBEAT: Starting checks...
[2026-02-14T00:40:01.313Z] DEXIE HEARTBEAT: Starting checks...
[2026-02-14T01:00:01.400Z] DEXIE HEARTBEAT: Starting checks...
[2026-02-14T01:20:01.624Z] DEXIE HEARTBEAT: Starting checks...
[2026-02-14T01:40:01.723Z] DEXIE HEARTBEAT: Starting checks...
[2026-02-14T02:00:01.812Z] DEXIE HEARTBEAT: Starting checks...
[2026-02-14T02:20:02.013Z] DEXIE HEARTBEAT: Starting checks...
[2026-02-14T02:40:01.112Z] DEXIE HEARTBEAT: Starting checks...
[2026-02-14T03:00:01.203Z] DEXIE HEARTBEAT: Starting checks...
[2026-02-14T03:20:01.426Z] DEXIE HEARTBEAT: Starting checks...
[2026-02-14T03:40:01.527Z] DEXIE HEARTBEAT: Starting checks...
[2026-02-14T04:00:01.615Z] DEXIE HEARTBEAT: Starting checks...
[2026-02-14T04:20:01.835Z] DEXIE HEARTBEAT: Starting checks...
[2026-02-14T04:40:02.003Z] DEXIE HEARTBEAT: Starting checks...
[2026-02-14T05:00:01.210Z] DEXIE HEARTBEAT: Starting checks...
[2026-02-14T05:20:01.486Z] DEXIE HEARTBEAT: Starting checks...
[2026-02-14T05:40:01.564Z] DEXIE HEARTBEAT: Starting checks...
[2026-02-14T06:00:01.655Z] DEXIE HEARTBEAT: Starting checks...
[2026-02-14T06:20:01.857Z] DEXIE HEARTBEAT: Starting checks...
[2026-02-14T06:40:01.946Z] DEXIE HEARTBEAT: Starting checks...
[2026-02-14T07:00:02.042Z] DEXIE HEARTBEAT: Starting checks...
[2026-02-14T07:20:01.255Z] DEXIE HEARTBEAT: Starting checks...
[2026-02-14T07:40:01.339Z] DEXIE HEARTBEAT: Starting checks...
[2026-02-14T08:20:01.652Z] DEXIE HEARTBEAT: Starting checks...
[2026-02-14T08:40:01.736Z] DEXIE HEARTBEAT: Starting checks...
[2026-02-14T09:00:01.819Z] DEXIE HEARTBEAT: Starting checks...
[2026-02-14T09:20:02.037Z] DEXIE HEARTBEAT: Starting checks...
[2026-02-14T09:40:01.120Z] DEXIE HEARTBEAT: Starting checks...
[2026-02-14T10:00:01.215Z] DEXIE HEARTBEAT: Starting checks...
[2026-02-14T10:20:01.435Z] DEXIE HEARTBEAT: Starting checks...
[2026-02-14T10:40:01.514Z] DEXIE HEARTBEAT: Starting checks...
[2026-02-14T11:00:01.605Z] DEXIE HEARTBEAT: Starting checks...
[2026-02-14T11:20:01.833Z] DEXIE HEARTBEAT: Starting checks...
[2026-02-14T11:40:01.923Z] DEXIE HEARTBEAT: Starting checks...
[2026-02-14T12:00:02.032Z] DEXIE HEARTBEAT: Starting checks...
[2026-02-14T12:20:01.174Z] DEXIE HEARTBEAT: Starting checks...
[2026-02-14T12:40:01.266Z] DEXIE HEARTBEAT: Starting checks...
[2026-02-14T13:00:01.368Z] DEXIE HEARTBEAT: Starting checks...
[2026-02-14T13:20:01.584Z] DEXIE HEARTBEAT: Starting checks...
[2026-02-14T13:40:01.721Z] DEXIE HEARTBEAT: Starting checks...
[2026-02-14T14:00:01.841Z] DEXIE HEARTBEAT: Starting checks...
[2026-02-14T14:20:02.048Z] DEXIE HEARTBEAT: Starting checks...
[2026-02-14T14:40:01.147Z] DEXIE HEARTBEAT: Starting checks...
[2026-02-14T15:00:01.238Z] DEXIE HEARTBEAT: Starting checks...
[2026-02-14T15:20:01.450Z] DEXIE HEARTBEAT: Starting checks...
[2026-02-14T15:40:01.542Z] DEXIE HEARTBEAT: Starting checks...
[2026-02-14T16:00:01.626Z] DEXIE HEARTBEAT: Starting checks...
[2026-02-14T16:20:01.830Z] DEXIE HEARTBEAT: Starting checks...
[2026-02-14T16:40:01.925Z] DEXIE HEARTBEAT: Starting checks...
[2026-02-14T17:00:02.022Z] DEXIE HEARTBEAT: Starting checks...
[2026-02-14T17:20:01.232Z] DEXIE HEARTBEAT: Starting checks...
[2026-02-14T17:40:01.332Z] DEXIE HEARTBEAT: Starting checks...
[2026-02-14T18:00:01.423Z] DEXIE HEARTBEAT: Starting checks...
[2026-02-14T18:20:01.620Z] DEXIE HEARTBEAT: Starting checks...
[2026-02-14T18:40:01.721Z] DEXIE HEARTBEAT: Starting checks...
[2026-02-14T19:00:01.812Z] DEXIE HEARTBEAT: Starting checks...
[2026-02-14T19:20:02.030Z] DEXIE HEARTBEAT: Starting checks...
[2026-02-14T19:40:01.131Z] DEXIE HEARTBEAT: Starting checks...
[2026-02-14T20:00:01.223Z] DEXIE HEARTBEAT: Starting checks...
[2026-02-14T20:20:01.426Z] DEXIE HEARTBEAT: Starting checks...
[2026-02-14T20:40:01.526Z] DEXIE HEARTBEAT: Starting checks...
[2026-02-14T21:00:01.610Z] DEXIE HEARTBEAT: Starting checks...
[2026-02-14T21:20:01.820Z] DEXIE HEARTBEAT: Starting checks...
[2026-02-14T21:40:01.919Z] DEXIE HEARTBEAT: Starting checks...
[2026-02-14T22:00:02.034Z] DEXIE HEARTBEAT: Starting checks...
[2026-02-14T22:20:01.246Z] DEXIE HEARTBEAT: Starting checks...
[2026-02-14T22:40:01.347Z] DEXIE HEARTBEAT: Starting checks...
[2026-02-14T23:00:01.437Z] DEXIE HEARTBEAT: Starting checks...
[2026-02-14T23:20:01.647Z] DEXIE HEARTBEAT: Starting checks...
[2026-02-14T23:40:01.747Z] DEXIE HEARTBEAT: Starting checks...
[2026-02-15T00:00:01.839Z] DEXIE HEARTBEAT: Starting checks...
[2026-02-15T00:20:01.063Z] DEXIE HEARTBEAT: Starting checks...
[2026-02-15T00:40:01.163Z] DEXIE HEARTBEAT: Starting checks...
[2026-02-15T01:00:01.256Z] DEXIE HEARTBEAT: Starting checks...
[2026-02-15T01:20:01.474Z] DEXIE HEARTBEAT: Starting checks...
[2026-02-15T01:40:01.575Z] DEXIE HEARTBEAT: Starting checks...
[2026-02-15T02:00:01.663Z] DEXIE HEARTBEAT: Starting checks...
[2026-02-15T02:20:01.882Z] DEXIE HEARTBEAT: Starting checks...
[2026-02-15T02:40:01.978Z] DEXIE HEARTBEAT: Starting checks...
[2026-02-15T03:00:02.072Z] DEXIE HEARTBEAT: Starting checks...
[2026-02-15T03:20:01.277Z] DEXIE HEARTBEAT: Starting checks...
[2026-02-15T03:40:01.371Z] DEXIE HEARTBEAT: Starting checks...
[2026-02-15T04:00:01.477Z] DEXIE HEARTBEAT: Starting checks...
[2026-02-15T04:20:01.691Z] DEXIE HEARTBEAT: Starting checks...
[2026-02-15T04:40:01.792Z] DEXIE HEARTBEAT: Starting checks...
[2026-02-15T05:00:01.901Z] DEXIE HEARTBEAT: Starting checks...
[2026-02-15T05:20:01.105Z] DEXIE HEARTBEAT: Starting checks...
[2026-02-15T05:40:01.189Z] DEXIE HEARTBEAT: Starting checks...
[2026-02-15T06:00:01.302Z] DEXIE HEARTBEAT: Starting checks...
[2026-02-15T06:20:01.491Z] DEXIE HEARTBEAT: Starting checks...
[2026-02-15T06:40:01.584Z] DEXIE HEARTBEAT: Starting checks...
[2026-02-15T07:00:01.682Z] DEXIE HEARTBEAT: Starting checks...
[2026-02-15T07:20:01.930Z] DEXIE HEARTBEAT: Starting checks...
[2026-02-15T07:40:02.016Z] DEXIE HEARTBEAT: Starting checks...
[2026-02-15T08:20:01.342Z] DEXIE HEARTBEAT: Starting checks...
[2026-02-15T08:40:01.438Z] DEXIE HEARTBEAT: Starting checks...
[2026-02-15T09:00:01.526Z] DEXIE HEARTBEAT: Starting checks...
[2026-02-15T09:20:01.743Z] DEXIE HEARTBEAT: Starting checks...
[2026-02-15T09:40:01.831Z] DEXIE HEARTBEAT: Starting checks...
[2026-02-15T10:00:01.920Z] DEXIE HEARTBEAT: Starting checks...
[2026-02-15T10:20:01.118Z] DEXIE HEARTBEAT: Starting checks...
[2026-02-15T10:40:01.197Z] DEXIE HEARTBEAT: Starting checks...
[2026-02-15T11:00:01.285Z] DEXIE HEARTBEAT: Starting checks...
[2026-02-15T11:20:01.494Z] DEXIE HEARTBEAT: Starting checks...
[2026-02-15T11:40:01.589Z] DEXIE HEARTBEAT: Starting checks...
[2026-02-15T12:00:01.683Z] DEXIE HEARTBEAT: Starting checks...
[2026-02-15T12:20:01.365Z] DEXIE HEARTBEAT: Starting checks...
[2026-02-15T12:40:01.464Z] DEXIE HEARTBEAT: Starting checks...
[2026-02-15T13:00:01.565Z] DEXIE HEARTBEAT: Starting checks...
[2026-02-15T13:20:01.834Z] DEXIE HEARTBEAT: Starting checks...
[2026-02-15T13:40:01.935Z] DEXIE HEARTBEAT: Starting checks...
[2026-02-15T14:00:02.035Z] DEXIE HEARTBEAT: Starting checks...
[2026-02-15T14:20:01.319Z] DEXIE HEARTBEAT: Starting checks...
[2026-02-15T14:40:01.418Z] DEXIE HEARTBEAT: Starting checks...
[2026-02-15T15:00:01.512Z] DEXIE HEARTBEAT: Starting checks...
[2026-02-15T15:20:01.704Z] DEXIE HEARTBEAT: Starting checks...
[2026-02-15T15:40:01.800Z] DEXIE HEARTBEAT: Starting checks...
[2026-02-15T16:00:01.886Z] DEXIE HEARTBEAT: Starting checks...
[2026-02-15T16:20:01.092Z] DEXIE HEARTBEAT: Starting checks...
[2026-02-15T16:40:01.195Z] DEXIE HEARTBEAT: Starting checks...
[2026-02-15T17:00:01.294Z] DEXIE HEARTBEAT: Starting checks...
[2026-02-15T17:20:01.511Z] DEXIE HEARTBEAT: Starting checks...
[2026-02-15T17:40:01.608Z] DEXIE HEARTBEAT: Starting checks...
[2026-02-15T18:00:01.702Z] DEXIE HEARTBEAT: Starting checks...
[2026-02-15T18:20:01.947Z] DEXIE HEARTBEAT: Starting checks...
[2026-02-15T18:40:02.054Z] DEXIE HEARTBEAT: Starting checks...
[2026-02-15T19:00:01.139Z] DEXIE HEARTBEAT: Starting checks...
[2026-02-15T19:20:01.348Z] DEXIE HEARTBEAT: Starting checks...
[2026-02-15T19:40:01.453Z] DEXIE HEARTBEAT: Starting checks...
[2026-02-15T20:00:01.747Z] DEXIE HEARTBEAT: Starting checks...
[2026-02-15T20:20:01.865Z] DEXIE HEARTBEAT: Starting checks...
[2026-02-15T20:40:01.967Z] DEXIE HEARTBEAT: Starting checks...
[2026-02-15T21:00:02.060Z] DEXIE HEARTBEAT: Starting checks...
[2026-02-15T21:20:01.282Z] DEXIE HEARTBEAT: Starting checks...
[2026-02-15T21:40:01.385Z] DEXIE HEARTBEAT: Starting checks...
[2026-02-15T22:00:01.476Z] DEXIE HEARTBEAT: Starting checks...
[2026-02-15T22:20:01.675Z] DEXIE HEARTBEAT: Starting checks...
[2026-02-15T22:40:01.771Z] DEXIE HEARTBEAT: Starting checks...
[2026-02-15T23:00:01.868Z] DEXIE HEARTBEAT: Starting checks...
[2026-02-15T23:20:01.069Z] DEXIE HEARTBEAT: Starting checks...
[2026-02-15T23:40:01.170Z] DEXIE HEARTBEAT: Starting checks...
[2026-02-16T00:00:01.257Z] DEXIE HEARTBEAT: Starting checks...
[2026-02-16T00:20:01.482Z] DEXIE HEARTBEAT: Starting checks...
[2026-02-16T00:40:01.577Z] DEXIE HEARTBEAT: Starting checks...
[2026-02-16T01:00:01.667Z] DEXIE HEARTBEAT: Starting checks...
[2026-02-16T01:20:01.879Z] DEXIE HEARTBEAT: Starting checks...
[2026-02-16T01:40:01.980Z] DEXIE HEARTBEAT: Starting checks...
[2026-02-16T02:00:01.064Z] DEXIE HEARTBEAT: Starting checks...
[2026-02-16T02:20:01.279Z] DEXIE HEARTBEAT: Starting checks...
[2026-02-16T02:40:01.375Z] DEXIE HEARTBEAT: Starting checks...
[2026-02-16T03:00:01.469Z] DEXIE HEARTBEAT: Starting checks...
[2026-02-16T03:20:01.671Z] DEXIE HEARTBEAT: Starting checks...
[2026-02-16T03:40:01.767Z] DEXIE HEARTBEAT: Starting checks...
[2026-02-16T04:00:01.855Z] DEXIE HEARTBEAT: Starting checks...
[2026-02-16T04:20:01.076Z] DEXIE HEARTBEAT: Starting checks...
[2026-02-16T04:40:01.176Z] DEXIE HEARTBEAT: Starting checks...
[2026-02-16T05:00:01.292Z] DEXIE HEARTBEAT: Starting checks...
[2026-02-16T05:20:01.493Z] DEXIE HEARTBEAT: Starting checks...
[2026-02-16T05:40:01.577Z] DEXIE HEARTBEAT: Starting checks...
[2026-02-16T06:00:01.661Z] DEXIE HEARTBEAT: Starting checks...
[2026-02-16T06:20:01.870Z] DEXIE HEARTBEAT: Starting checks...
[2026-02-16T06:40:01.955Z] DEXIE HEARTBEAT: Starting checks...
[2026-02-16T07:00:02.040Z] DEXIE HEARTBEAT: Starting checks...
[2026-02-16T07:20:01.259Z] DEXIE HEARTBEAT: Starting checks...
[2026-02-16T07:40:01.343Z] DEXIE HEARTBEAT: Starting checks...
[2026-02-16T08:20:01.675Z] DEXIE HEARTBEAT: Starting checks...
[2026-02-16T08:40:01.761Z] DEXIE HEARTBEAT: Starting checks...
[2026-02-16T09:00:01.855Z] DEXIE HEARTBEAT: Starting checks...
[2026-02-16T09:20:01.074Z] DEXIE HEARTBEAT: Starting checks...
[2026-02-16T09:40:01.158Z] DEXIE HEARTBEAT: Starting checks...
[2026-02-16T10:00:01.248Z] DEXIE HEARTBEAT: Starting checks...
[2026-02-16T10:20:01.457Z] DEXIE HEARTBEAT: Starting checks...
[2026-02-16T10:40:01.537Z] DEXIE HEARTBEAT: Starting checks...
[2026-02-16T11:00:01.622Z] DEXIE HEARTBEAT: Starting checks...
[2026-02-16T11:20:01.837Z] DEXIE HEARTBEAT: Starting checks...
[2026-02-16T11:40:01.939Z] DEXIE HEARTBEAT: Starting checks...
[2026-02-16T12:00:02.033Z] DEXIE HEARTBEAT: Starting checks...
[2026-02-16T12:20:01.231Z] DEXIE HEARTBEAT: Starting checks...
[2026-02-16T12:40:01.346Z] DEXIE HEARTBEAT: Starting checks...
[2026-02-16T13:00:01.460Z] DEXIE HEARTBEAT: Starting checks...
[2026-02-16T13:20:01.714Z] DEXIE HEARTBEAT: Starting checks...
[2026-02-16T13:40:01.829Z] DEXIE HEARTBEAT: Starting checks...
[2026-02-16T14:00:01.916Z] DEXIE HEARTBEAT: Starting checks...
[2026-02-16T14:20:01.156Z] DEXIE HEARTBEAT: Starting checks...
[2026-02-16T14:40:01.254Z] DEXIE HEARTBEAT: Starting checks...
[2026-02-16T15:00:01.336Z] DEXIE HEARTBEAT: Starting checks...
[2026-02-16T15:20:01.554Z] DEXIE HEARTBEAT: Starting checks...
[2026-02-16T15:40:01.144Z] DEXIE HEARTBEAT: Starting checks...
[2026-02-16T16:00:01.223Z] DEXIE HEARTBEAT: Starting checks...
[2026-02-16T16:20:01.476Z] DEXIE HEARTBEAT: Starting checks...
[2026-02-16T16:40:01.567Z] DEXIE HEARTBEAT: Starting checks...
[2026-02-16T17:00:01.665Z] DEXIE HEARTBEAT: Starting checks...
[2026-02-16T17:20:02.027Z] DEXIE HEARTBEAT: Starting checks...
[2026-02-16T17:40:01.137Z] DEXIE HEARTBEAT: Starting checks...
[2026-02-16T18:00:01.231Z] DEXIE HEARTBEAT: Starting checks...
[2026-02-16T18:20:01.475Z] DEXIE HEARTBEAT: Starting checks...
[2026-02-16T18:40:01.565Z] DEXIE HEARTBEAT: Starting checks...
[2026-02-16T19:00:01.646Z] DEXIE HEARTBEAT: Starting checks...
[2026-02-16T19:20:01.855Z] DEXIE HEARTBEAT: Starting checks...
[2026-02-16T19:40:01.954Z] DEXIE HEARTBEAT: Starting checks...
[2026-02-16T20:00:02.036Z] DEXIE HEARTBEAT: Starting checks...
[2026-02-16T20:20:01.234Z] DEXIE HEARTBEAT: Starting checks...
[2026-02-16T20:40:01.332Z] DEXIE HEARTBEAT: Starting checks...
[2026-02-16T21:00:01.423Z] DEXIE HEARTBEAT: Starting checks...
[2026-02-16T21:20:01.637Z] DEXIE HEARTBEAT: Starting checks...
[2026-02-16T21:40:01.731Z] DEXIE HEARTBEAT: Starting checks...
[2026-02-16T22:00:01.822Z] DEXIE HEARTBEAT: Starting checks...
[2026-02-16T22:20:02.039Z] DEXIE HEARTBEAT: Starting checks...
[2026-02-16T22:40:01.135Z] DEXIE HEARTBEAT: Starting checks...
[2026-02-16T23:00:01.221Z] DEXIE HEARTBEAT: Starting checks...
[2026-02-16T23:20:01.423Z] DEXIE HEARTBEAT: Starting checks...
[2026-02-16T23:40:01.520Z] DEXIE HEARTBEAT: Starting checks...
[2026-02-17T00:00:01.608Z] DEXIE HEARTBEAT: Starting checks...
[2026-02-17T00:20:01.818Z] DEXIE HEARTBEAT: Starting checks...
[2026-02-17T00:40:01.916Z] DEXIE HEARTBEAT: Starting checks...
[2026-02-17T01:00:02.003Z] DEXIE HEARTBEAT: Starting checks...
[2026-02-17T01:20:01.222Z] DEXIE HEARTBEAT: Starting checks...
[2026-02-17T01:40:01.321Z] DEXIE HEARTBEAT: Starting checks...
[2026-02-17T02:00:01.402Z] DEXIE HEARTBEAT: Starting checks...
[2026-02-17T02:20:01.613Z] DEXIE HEARTBEAT: Starting checks...
[2026-02-17T02:40:01.708Z] DEXIE HEARTBEAT: Starting checks...
[2026-02-17T03:00:01.810Z] DEXIE HEARTBEAT: Starting checks...
[2026-02-17T03:20:02.022Z] DEXIE HEARTBEAT: Starting checks...
[2026-02-17T03:40:01.194Z] DEXIE HEARTBEAT: Starting checks...
[2026-02-17T04:00:01.307Z] DEXIE HEARTBEAT: Starting checks...
[2026-02-17T04:20:01.537Z] DEXIE HEARTBEAT: Starting checks...
[2026-02-17T04:40:01.647Z] DEXIE HEARTBEAT: Starting checks...
[2026-02-17T05:00:01.733Z] DEXIE HEARTBEAT: Starting checks...
[2026-02-17T05:20:01.249Z] DEXIE HEARTBEAT: Starting checks...
[2026-02-17T05:40:01.341Z] DEXIE HEARTBEAT: Starting checks...
[2026-02-17T06:00:01.883Z] DEXIE HEARTBEAT: Starting checks...
[2026-02-17T06:20:01.129Z] DEXIE HEARTBEAT: Starting checks...
[2026-02-17T06:40:01.235Z] DEXIE HEARTBEAT: Starting checks...
[2026-02-17T07:00:01.350Z] DEXIE HEARTBEAT: Starting checks...
[2026-02-17T07:20:01.607Z] DEXIE HEARTBEAT: Starting checks...
[2026-02-17T07:40:01.743Z] DEXIE HEARTBEAT: Starting checks...
[2026-02-17T08:00:01.860Z] DEXIE HEARTBEAT: Starting checks...
[2026-02-17T08:20:01.606Z] DEXIE HEARTBEAT: Starting checks...
[2026-02-17T08:40:01.715Z] DEXIE HEARTBEAT: Starting checks...
[2026-02-17T09:00:01.972Z] DEXIE HEARTBEAT: Starting checks...
[2026-02-17T09:20:01.113Z] DEXIE HEARTBEAT: Starting checks...
[2026-02-17T09:40:01.260Z] DEXIE HEARTBEAT: Starting checks...
[2026-02-17T10:00:01.461Z] DEXIE HEARTBEAT: Starting checks...
[2026-02-17T10:20:01.722Z] DEXIE HEARTBEAT: Starting checks...
[2026-02-17T10:40:01.815Z] DEXIE HEARTBEAT: Starting checks...
[2026-02-17T11:00:01.934Z] DEXIE HEARTBEAT: Starting checks...
[2026-02-17T11:20:01.219Z] DEXIE HEARTBEAT: Starting checks...
[2026-02-17T11:40:01.316Z] DEXIE HEARTBEAT: Starting checks...
[2026-02-17T12:00:01.393Z] DEXIE HEARTBEAT: Starting checks...
[2026-02-17T12:20:01.669Z] DEXIE HEARTBEAT: Starting checks...
[2026-02-17T12:40:01.769Z] DEXIE HEARTBEAT: Starting checks...
[2026-02-17T13:00:01.854Z] DEXIE HEARTBEAT: Starting checks...
[2026-02-17T13:20:01.091Z] DEXIE HEARTBEAT: Starting checks...
[2026-02-17T13:40:01.183Z] DEXIE HEARTBEAT: Starting checks...
[2026-02-17T14:00:01.297Z] DEXIE HEARTBEAT: Starting checks...
[2026-02-17T14:20:01.632Z] DEXIE HEARTBEAT: Starting checks...
[2026-02-17T14:40:01.724Z] DEXIE HEARTBEAT: Starting checks...
[2026-02-17T15:00:01.815Z] DEXIE HEARTBEAT: Starting checks...
[2026-02-17T15:20:02.038Z] DEXIE HEARTBEAT: Starting checks...
[2026-02-17T15:40:01.142Z] DEXIE HEARTBEAT: Starting checks...
[2026-02-17T16:00:01.226Z] DEXIE HEARTBEAT: Starting checks...
[2026-02-17T16:20:01.429Z] DEXIE HEARTBEAT: Starting checks...
[2026-02-17T16:40:01.529Z] DEXIE HEARTBEAT: Starting checks...
[2026-02-17T17:00:01.613Z] DEXIE HEARTBEAT: Starting checks...
[2026-02-17T17:20:01.819Z] DEXIE HEARTBEAT: Starting checks...
[2026-02-17T17:40:01.910Z] DEXIE HEARTBEAT: Starting checks...
[2026-02-17T18:00:01.997Z] DEXIE HEARTBEAT: Starting checks...
[2026-02-17T18:20:01.227Z] DEXIE HEARTBEAT: Starting checks...
[2026-02-17T18:40:01.322Z] DEXIE HEARTBEAT: Starting checks...
[2026-02-17T19:00:01.412Z] DEXIE HEARTBEAT: Starting checks...
[2026-02-17T19:20:01.628Z] DEXIE HEARTBEAT: Starting checks...
[2026-02-17T19:40:01.725Z] DEXIE HEARTBEAT: Starting checks...
[2026-02-17T20:00:01.824Z] DEXIE HEARTBEAT: Starting checks...
[2026-02-17T20:20:02.036Z] DEXIE HEARTBEAT: Starting checks...
[2026-02-17T20:40:01.133Z] DEXIE HEARTBEAT: Starting checks...
[2026-02-17T21:00:01.221Z] DEXIE HEARTBEAT: Starting checks...
[2026-02-17T21:20:01.459Z] DEXIE HEARTBEAT: Starting checks...
[2026-02-17T21:40:01.551Z] DEXIE HEARTBEAT: Starting checks...
[2026-02-17T22:00:01.634Z] DEXIE HEARTBEAT: Starting checks...
[2026-02-17T22:20:01.848Z] DEXIE HEARTBEAT: Starting checks...
[2026-02-17T22:40:01.941Z] DEXIE HEARTBEAT: Starting checks...
[2026-02-17T23:00:02.033Z] DEXIE HEARTBEAT: Starting checks...
[2026-02-17T23:20:01.271Z] DEXIE HEARTBEAT: Starting checks...
[2026-02-17T23:40:01.375Z] DEXIE HEARTBEAT: Starting checks...
[2026-02-18T00:00:01.463Z] DEXIE HEARTBEAT: Starting checks...
[2026-02-18T00:20:01.693Z] DEXIE HEARTBEAT: Starting checks...
[2026-02-18T00:40:01.802Z] DEXIE HEARTBEAT: Starting checks...
[2026-02-18T01:00:01.901Z] DEXIE HEARTBEAT: Starting checks...
[2026-02-18T01:20:01.129Z] DEXIE HEARTBEAT: Starting checks...
[2026-02-18T01:40:01.243Z] DEXIE HEARTBEAT: Starting checks...
[2026-02-18T02:00:01.492Z] DEXIE HEARTBEAT: Starting checks...
[2026-02-18T02:20:01.063Z] DEXIE HEARTBEAT: Starting checks...
[2026-02-18T02:40:01.154Z] DEXIE HEARTBEAT: Starting checks...
[2026-02-18T03:00:01.265Z] DEXIE HEARTBEAT: Starting checks...
[2026-02-18T03:20:01.483Z] DEXIE HEARTBEAT: Starting checks...
[2026-02-18T03:40:01.581Z] DEXIE HEARTBEAT: Starting checks...
[2026-02-18T04:00:01.681Z] DEXIE HEARTBEAT: Starting checks...
[2026-02-18T04:20:01.894Z] DEXIE HEARTBEAT: Starting checks...
[2026-02-18T04:40:01.993Z] DEXIE HEARTBEAT: Starting checks...
[2026-02-18T05:00:01.110Z] DEXIE HEARTBEAT: Starting checks...
[2026-02-18T05:20:01.336Z] DEXIE HEARTBEAT: Starting checks...
[2026-02-18T05:40:01.423Z] DEXIE HEARTBEAT: Starting checks...
[2026-02-18T06:00:01.514Z] DEXIE HEARTBEAT: Starting checks...
[2026-02-18T06:20:01.731Z] DEXIE HEARTBEAT: Starting checks...
[2026-02-18T06:40:01.821Z] DEXIE HEARTBEAT: Starting checks...
[2026-02-18T07:00:01.913Z] DEXIE HEARTBEAT: Starting checks...
[2026-02-18T07:20:01.136Z] DEXIE HEARTBEAT: Starting checks...
[2026-02-18T07:40:01.230Z] DEXIE HEARTBEAT: Starting checks...
[2026-02-18T08:20:01.557Z] DEXIE HEARTBEAT: Starting checks...
[2026-02-18T08:40:01.674Z] DEXIE HEARTBEAT: Starting checks...
[2026-02-18T09:00:01.965Z] DEXIE HEARTBEAT: Starting checks...
[2026-02-18T09:20:01.216Z] DEXIE HEARTBEAT: Starting checks...
[2026-02-18T09:40:01.338Z] DEXIE HEARTBEAT: Starting checks...
[2026-02-18T10:00:01.480Z] DEXIE HEARTBEAT: Starting checks...
[2026-02-18T10:20:01.760Z] DEXIE HEARTBEAT: Starting checks...
[2026-02-18T10:40:01.859Z] DEXIE HEARTBEAT: Starting checks...
[2026-02-18T11:00:01.967Z] DEXIE HEARTBEAT: Starting checks...
[2026-02-18T11:20:01.241Z] DEXIE HEARTBEAT: Starting checks...
[2026-02-18T11:40:01.340Z] DEXIE HEARTBEAT: Starting checks...
[2026-02-18T12:00:01.169Z] DEXIE HEARTBEAT: Starting checks...
[2026-02-18T12:20:01.828Z] DEXIE HEARTBEAT: Starting checks...
[2026-02-18T12:40:01.930Z] DEXIE HEARTBEAT: Starting checks...
[2026-02-18T13:00:02.030Z] DEXIE HEARTBEAT: Starting checks...
[2026-02-18T13:20:01.358Z] DEXIE HEARTBEAT: Starting checks...
[2026-02-18T13:40:01.444Z] DEXIE HEARTBEAT: Starting checks...
[2026-02-18T14:00:01.609Z] DEXIE HEARTBEAT: Starting checks...
[2026-02-18T14:20:01.950Z] DEXIE HEARTBEAT: Starting checks...
[2026-02-18T14:40:02.261Z] DEXIE HEARTBEAT: Starting checks...
[2026-02-18T15:00:01.402Z] DEXIE HEARTBEAT: Starting checks...
[2026-02-18T15:20:01.706Z] DEXIE HEARTBEAT: Starting checks...
[2026-02-18T15:40:01.805Z] DEXIE HEARTBEAT: Starting checks...
[2026-02-18T16:00:01.937Z] DEXIE HEARTBEAT: Starting checks...
[2026-02-18T16:20:01.257Z] DEXIE HEARTBEAT: Starting checks...
[2026-02-18T16:40:01.353Z] DEXIE HEARTBEAT: Starting checks...
[2026-02-18T17:00:01.468Z] DEXIE HEARTBEAT: Starting checks...
[2026-02-18T17:20:01.696Z] DEXIE HEARTBEAT: Starting checks...
[2026-02-18T17:40:01.791Z] DEXIE HEARTBEAT: Starting checks...
[2026-02-18T18:00:01.876Z] DEXIE HEARTBEAT: Starting checks...
[2026-02-18T18:20:01.090Z] DEXIE HEARTBEAT: Starting checks...
[2026-02-18T18:40:01.179Z] DEXIE HEARTBEAT: Starting checks...
[2026-02-18T19:00:01.261Z] DEXIE HEARTBEAT: Starting checks...
[2026-02-18T19:20:01.480Z] DEXIE HEARTBEAT: Starting checks...
[2026-02-18T19:40:01.574Z] DEXIE HEARTBEAT: Starting checks...
[2026-02-18T20:00:01.664Z] DEXIE HEARTBEAT: Starting checks...
[2026-02-18T20:20:01.874Z] DEXIE HEARTBEAT: Starting checks...
[2026-02-18T20:40:01.972Z] DEXIE HEARTBEAT: Starting checks...
[2026-02-18T21:00:02.067Z] DEXIE HEARTBEAT: Starting checks...
[2026-02-18T21:20:01.281Z] DEXIE HEARTBEAT: Starting checks...
[2026-02-18T21:40:01.369Z] DEXIE HEARTBEAT: Starting checks...
[2026-02-18T22:00:01.460Z] DEXIE HEARTBEAT: Starting checks...
[2026-02-18T22:20:01.682Z] DEXIE HEARTBEAT: Starting checks...
[2026-02-18T22:40:01.776Z] DEXIE HEARTBEAT: Starting checks...
[2026-02-18T23:00:01.863Z] DEXIE HEARTBEAT: Starting checks...
[2026-02-18T23:20:01.097Z] DEXIE HEARTBEAT: Starting checks...
[2026-02-18T23:40:01.189Z] DEXIE HEARTBEAT: Starting checks...
[2026-02-19T00:00:01.272Z] DEXIE HEARTBEAT: Starting checks...
[2026-02-19T00:20:01.476Z] DEXIE HEARTBEAT: Starting checks...
[2026-02-19T00:40:01.590Z] DEXIE HEARTBEAT: Starting checks...
[2026-02-19T01:00:01.683Z] DEXIE HEARTBEAT: Starting checks...
[2026-02-19T01:20:01.902Z] DEXIE HEARTBEAT: Starting checks...
[2026-02-19T01:40:02.003Z] DEXIE HEARTBEAT: Starting checks...
[2026-02-19T02:00:01.123Z] DEXIE HEARTBEAT: Starting checks...
[2026-02-19T02:20:01.304Z] DEXIE HEARTBEAT: Starting checks...
[2026-02-19T02:40:01.395Z] DEXIE HEARTBEAT: Starting checks...
[2026-02-19T03:00:01.505Z] DEXIE HEARTBEAT: Starting checks...
[2026-02-19T03:20:01.715Z] DEXIE HEARTBEAT: Starting checks...
[2026-02-19T03:40:01.809Z] DEXIE HEARTBEAT: Starting checks...
[2026-02-19T04:00:01.895Z] DEXIE HEARTBEAT: Starting checks...
[2026-02-19T04:20:01.121Z] DEXIE HEARTBEAT: Starting checks...
[2026-02-19T04:40:01.206Z] DEXIE HEARTBEAT: Starting checks...
[2026-02-19T05:00:01.316Z] DEXIE HEARTBEAT: Starting checks...
[2026-02-19T05:20:01.512Z] DEXIE HEARTBEAT: Starting checks...
[2026-02-19T05:40:01.590Z] DEXIE HEARTBEAT: Starting checks...
[2026-02-19T06:00:01.676Z] DEXIE HEARTBEAT: Starting checks...
[2026-02-19T06:20:01.905Z] DEXIE HEARTBEAT: Starting checks...
[2026-02-19T06:40:01.987Z] DEXIE HEARTBEAT: Starting checks...
[2026-02-19T07:00:01.104Z] DEXIE HEARTBEAT: Starting checks...
[2026-02-19T07:20:01.315Z] DEXIE HEARTBEAT: Starting checks...
[2026-02-19T07:40:01.389Z] DEXIE HEARTBEAT: Starting checks...
[2026-02-19T08:00:01.480Z] DEXIE HEARTBEAT: Starting checks...
[2026-02-19T08:20:02.044Z] DEXIE HEARTBEAT: Starting checks...
[2026-02-19T08:40:01.125Z] DEXIE HEARTBEAT: Starting checks...
[2026-02-19T09:00:01.240Z] DEXIE HEARTBEAT: Starting checks...
[2026-02-19T09:20:01.551Z] DEXIE HEARTBEAT: Starting checks...
[2026-02-19T09:40:01.629Z] DEXIE HEARTBEAT: Starting checks...
[2026-02-19T10:00:01.718Z] DEXIE HEARTBEAT: Starting checks...
[2026-02-19T10:20:01.961Z] DEXIE HEARTBEAT: Starting checks...
[2026-02-19T10:40:02.046Z] DEXIE HEARTBEAT: Starting checks...
[2026-02-19T11:00:01.126Z] DEXIE HEARTBEAT: Starting checks...
[2026-02-19T11:20:01.368Z] DEXIE HEARTBEAT: Starting checks...
[2026-02-19T11:40:01.464Z] DEXIE HEARTBEAT: Starting checks...
[2026-02-19T12:00:01.555Z] DEXIE HEARTBEAT: Starting checks...
[2026-02-19T12:20:01.355Z] DEXIE HEARTBEAT: Starting checks...
[2026-02-19T12:40:01.456Z] DEXIE HEARTBEAT: Starting checks...
[2026-02-19T13:00:01.540Z] DEXIE HEARTBEAT: Starting checks...
[2026-02-19T13:20:01.238Z] DEXIE HEARTBEAT: Starting checks...
[2026-02-19T13:40:01.337Z] DEXIE HEARTBEAT: Starting checks...
[2026-02-19T14:00:01.435Z] DEXIE HEARTBEAT: Starting checks...
[2026-02-19T14:20:01.668Z] DEXIE HEARTBEAT: Starting checks...
[2026-02-19T14:40:01.770Z] DEXIE HEARTBEAT: Starting checks...
[2026-02-19T15:00:01.856Z] DEXIE HEARTBEAT: Starting checks...
[2026-02-19T15:20:01.085Z] DEXIE HEARTBEAT: Starting checks...
[2026-02-19T15:40:01.183Z] DEXIE HEARTBEAT: Starting checks...
[2026-02-19T16:00:01.274Z] DEXIE HEARTBEAT: Starting checks...
[2026-02-19T16:20:01.480Z] DEXIE HEARTBEAT: Starting checks...
[2026-02-19T16:40:01.581Z] DEXIE HEARTBEAT: Starting checks...
[2026-02-19T17:00:01.664Z] DEXIE HEARTBEAT: Starting checks...
[2026-02-19T17:20:01.884Z] DEXIE HEARTBEAT: Starting checks...
[2026-02-19T17:40:01.976Z] DEXIE HEARTBEAT: Starting checks...
[2026-02-19T18:00:02.104Z] DEXIE HEARTBEAT: Starting checks...
[2026-02-19T18:20:01.332Z] DEXIE HEARTBEAT: Starting checks...
[2026-02-19T18:40:01.427Z] DEXIE HEARTBEAT: Starting checks...
[2026-02-19T19:00:01.520Z] DEXIE HEARTBEAT: Starting checks...
[2026-02-19T19:20:01.733Z] DEXIE HEARTBEAT: Starting checks...
[2026-02-19T19:40:01.836Z] DEXIE HEARTBEAT: Starting checks...
[2026-02-19T20:00:01.918Z] DEXIE HEARTBEAT: Starting checks...
[2026-02-19T20:20:01.145Z] DEXIE HEARTBEAT: Starting checks...
[2026-02-19T20:40:01.238Z] DEXIE HEARTBEAT: Starting checks...
[2026-02-19T21:00:01.337Z] DEXIE HEARTBEAT: Starting checks...
[2026-02-19T21:20:01.584Z] DEXIE HEARTBEAT: Starting checks...
[2026-02-19T21:40:01.680Z] DEXIE HEARTBEAT: Starting checks...
[2026-02-19T22:00:01.766Z] DEXIE HEARTBEAT: Starting checks...
[2026-02-19T22:20:01.997Z] DEXIE HEARTBEAT: Starting checks...
[2026-02-19T22:40:01.088Z] DEXIE HEARTBEAT: Starting checks...
[2026-02-19T23:00:01.173Z] DEXIE HEARTBEAT: Starting checks...
[2026-02-19T23:20:01.420Z] DEXIE HEARTBEAT: Starting checks...
[2026-02-19T23:40:01.507Z] DEXIE HEARTBEAT: Starting checks...
[2026-02-20T00:00:01.586Z] DEXIE HEARTBEAT: Starting checks...
[2026-02-20T00:20:01.800Z] DEXIE HEARTBEAT: Starting checks...
[2026-02-20T00:40:01.898Z] DEXIE HEARTBEAT: Starting checks...
[2026-02-20T01:00:01.990Z] DEXIE HEARTBEAT: Starting checks...
[2026-02-20T01:20:01.200Z] DEXIE HEARTBEAT: Starting checks...
[2026-02-20T01:40:01.292Z] DEXIE HEARTBEAT: Starting checks...
[2026-02-20T02:00:01.395Z] DEXIE HEARTBEAT: Starting checks...
[2026-02-20T02:20:01.599Z] DEXIE HEARTBEAT: Starting checks...
[2026-02-20T02:40:01.698Z] DEXIE HEARTBEAT: Starting checks...
[2026-02-20T03:00:01.788Z] DEXIE HEARTBEAT: Starting checks...
[2026-02-20T03:20:02.027Z] DEXIE HEARTBEAT: Starting checks...
[2026-02-20T03:40:01.113Z] DEXIE HEARTBEAT: Starting checks...
[2026-02-20T04:00:01.197Z] DEXIE HEARTBEAT: Starting checks...
[2026-02-20T04:20:01.413Z] DEXIE HEARTBEAT: Starting checks...
[2026-02-20T04:40:01.519Z] DEXIE HEARTBEAT: Starting checks...
[2026-02-20T05:00:01.641Z] DEXIE HEARTBEAT: Starting checks...
[2026-02-20T05:20:01.847Z] DEXIE HEARTBEAT: Starting checks...
[2026-02-20T05:40:01.929Z] DEXIE HEARTBEAT: Starting checks...
[2026-02-20T06:00:02.049Z] DEXIE HEARTBEAT: Starting checks...
[2026-02-20T06:20:01.261Z] DEXIE HEARTBEAT: Starting checks...
[2026-02-20T06:40:01.347Z] DEXIE HEARTBEAT: Starting checks...
[2026-02-20T07:00:01.443Z] DEXIE HEARTBEAT: Starting checks...
[2026-02-20T07:20:01.644Z] DEXIE HEARTBEAT: Starting checks...
[2026-02-20T07:40:01.721Z] DEXIE HEARTBEAT: Starting checks...
[2026-02-20T08:20:01.063Z] DEXIE HEARTBEAT: Starting checks...
[2026-02-20T08:40:01.138Z] DEXIE HEARTBEAT: Starting checks...
[2026-02-20T09:00:01.219Z] DEXIE HEARTBEAT: Starting checks...
 - Heartbeat: Committed b37c867 - transcripts check: 8 files
[2026-02-20T09:20:01.424Z] DEXIE HEARTBEAT: Starting checks...
[2026-02-20T09:40:01.497Z] DEXIE HEARTBEAT: Starting checks...
[2026-02-20T10:00:01.585Z] DEXIE HEARTBEAT: Starting checks...
[2026-02-20T10:20:01.806Z] DEXIE HEARTBEAT: Starting checks...
[2026-02-20T10:40:01.883Z] DEXIE HEARTBEAT: Starting checks...
[2026-02-20T11:00:01.961Z] DEXIE HEARTBEAT: Starting checks...
[2026-02-20T11:20:01.188Z] DEXIE HEARTBEAT: Starting checks...
[2026-02-20T11:40:01.285Z] DEXIE HEARTBEAT: Starting checks...
[2026-02-20T12:00:01.374Z] DEXIE HEARTBEAT: Starting checks...
[2026-02-20T12:20:01.970Z] DEXIE HEARTBEAT: Starting checks...
[2026-02-20T12:40:01.072Z] DEXIE HEARTBEAT: Starting checks...
[2026-02-20T13:00:01.150Z] DEXIE HEARTBEAT: Starting checks...
[2026-02-20T13:20:01.409Z] DEXIE HEARTBEAT: Starting checks...
[2026-02-20T13:40:01.497Z] DEXIE HEARTBEAT: Starting checks...
[2026-02-20T14:00:01.578Z] DEXIE HEARTBEAT: Starting checks...
[2026-02-20T14:20:01.818Z] DEXIE HEARTBEAT: Starting checks...
[2026-02-20T14:40:01.910Z] DEXIE HEARTBEAT: Starting checks...
[2026-02-20T15:00:01.994Z] DEXIE HEARTBEAT: Starting checks...
[2026-02-20T15:20:01.208Z] DEXIE HEARTBEAT: Starting checks...
[2026-02-20T15:40:01.302Z] DEXIE HEARTBEAT: Starting checks...
[2026-02-20T16:00:01.387Z] DEXIE HEARTBEAT: Starting checks...
[2026-02-20T16:20:01.663Z] DEXIE HEARTBEAT: Starting checks...
[2026-02-20T16:40:01.757Z] DEXIE HEARTBEAT: Starting checks...
[2026-02-20T17:00:01.844Z] DEXIE HEARTBEAT: Starting checks...
[2026-02-20T17:20:01.068Z] DEXIE HEARTBEAT: Starting checks...
[2026-02-20T17:40:01.165Z] DEXIE HEARTBEAT: Starting checks...
[2026-02-20T18:00:01.247Z] DEXIE HEARTBEAT: Starting checks...
[2026-02-20T18:20:01.470Z] DEXIE HEARTBEAT: Starting checks...
[2026-02-20T18:40:01.565Z] DEXIE HEARTBEAT: Starting checks...
[2026-02-20T19:00:01.646Z] DEXIE HEARTBEAT: Starting checks...
[2026-02-20T19:20:01.865Z] DEXIE HEARTBEAT: Starting checks...
[2026-02-20T19:40:01.961Z] DEXIE HEARTBEAT: Starting checks...
[2026-02-20T20:00:02.052Z] DEXIE HEARTBEAT: Starting checks...
[2026-02-20T20:20:01.293Z] DEXIE HEARTBEAT: Starting checks...
[2026-02-20T20:40:01.383Z] DEXIE HEARTBEAT: Starting checks...
[2026-02-20T21:00:01.470Z] DEXIE HEARTBEAT: Starting checks...
[2026-02-20T21:20:01.673Z] DEXIE HEARTBEAT: Starting checks...
[2026-02-20T21:40:01.769Z] DEXIE HEARTBEAT: Starting checks...
[2026-02-20T22:00:01.887Z] DEXIE HEARTBEAT: Starting checks...
[2026-02-20T22:20:01.118Z] DEXIE HEARTBEAT: Starting checks...
[2026-02-20T22:40:01.207Z] DEXIE HEARTBEAT: Starting checks...
[2026-02-20T23:00:01.291Z] DEXIE HEARTBEAT: Starting checks...
[2026-02-20T23:20:01.494Z] DEXIE HEARTBEAT: Starting checks...
[2026-02-20T23:40:01.584Z] DEXIE HEARTBEAT: Starting checks...
[2026-02-21T00:00:01.675Z] DEXIE HEARTBEAT: Starting checks...
[2026-02-21T00:20:01.892Z] DEXIE HEARTBEAT: Starting checks...
[2026-02-21T00:40:01.990Z] DEXIE HEARTBEAT: Starting checks...
[2026-02-21T01:00:01.098Z] DEXIE HEARTBEAT: Starting checks...
[2026-02-21T01:20:01.288Z] DEXIE HEARTBEAT: Starting checks...
[2026-02-21T01:40:01.380Z] DEXIE HEARTBEAT: Starting checks...
[2026-02-21T02:00:01.463Z] DEXIE HEARTBEAT: Starting checks...
[2026-02-21T02:20:01.688Z] DEXIE HEARTBEAT: Starting checks...
[2026-02-21T02:40:01.784Z] DEXIE HEARTBEAT: Starting checks...
[2026-02-21T03:00:01.884Z] DEXIE HEARTBEAT: Starting checks...
[2026-02-21T03:20:01.202Z] DEXIE HEARTBEAT: Starting checks...
[2026-02-21T03:40:01.293Z] DEXIE HEARTBEAT: Starting checks...
[2026-02-21T04:00:01.388Z] DEXIE HEARTBEAT: Starting checks...
[2026-02-21T04:20:01.580Z] DEXIE HEARTBEAT: Starting checks...
[2026-02-21T04:40:01.673Z] DEXIE HEARTBEAT: Starting checks...
[2026-02-21T05:00:01.869Z] DEXIE HEARTBEAT: Starting checks...
[2026-02-21T05:20:01.166Z] DEXIE HEARTBEAT: Starting checks...
[2026-02-21T05:40:01.270Z] DEXIE HEARTBEAT: Starting checks...
[2026-02-21T06:00:01.369Z] DEXIE HEARTBEAT: Starting checks...
[2026-02-21T06:20:01.625Z] DEXIE HEARTBEAT: Starting checks...
[2026-02-21T06:40:01.698Z] DEXIE HEARTBEAT: Starting checks...
[2026-02-21T07:00:01.775Z] DEXIE HEARTBEAT: Starting checks...
[2026-02-21T07:20:01.990Z] DEXIE HEARTBEAT: Starting checks...
[2026-02-21T07:40:01.068Z] DEXIE HEARTBEAT: Starting checks...
[2026-02-21T08:20:01.424Z] DEXIE HEARTBEAT: Starting checks...
[2026-02-21T08:40:01.501Z] DEXIE HEARTBEAT: Starting checks...
[2026-02-21T09:00:01.580Z] DEXIE HEARTBEAT: Starting checks...
[2026-02-21T09:20:01.803Z] DEXIE HEARTBEAT: Starting checks...
[2026-02-21T09:40:01.882Z] DEXIE HEARTBEAT: Starting checks...
[2026-02-21T10:00:01.970Z] DEXIE HEARTBEAT: Starting checks...
[2026-02-21T10:20:01.218Z] DEXIE HEARTBEAT: Starting checks...
[2026-02-21T10:40:01.290Z] DEXIE HEARTBEAT: Starting checks...
[2026-02-21T11:00:01.366Z] DEXIE HEARTBEAT: Starting checks...
[2026-02-21T11:20:01.591Z] DEXIE HEARTBEAT: Starting checks...
[2026-02-21T11:40:01.686Z] DEXIE HEARTBEAT: Starting checks...
[2026-02-21T12:00:01.774Z] DEXIE HEARTBEAT: Starting checks...
[2026-02-21T12:20:01.181Z] DEXIE HEARTBEAT: Starting checks...
[2026-02-21T12:40:01.286Z] DEXIE HEARTBEAT: Starting checks...
[2026-02-21T13:00:01.370Z] DEXIE HEARTBEAT: Starting checks...
[2026-02-21T13:20:01.609Z] DEXIE HEARTBEAT: Starting checks...
[2026-02-21T13:40:01.706Z] DEXIE HEARTBEAT: Starting checks...
[2026-02-21T14:00:01.802Z] DEXIE HEARTBEAT: Starting checks...
[2026-02-21T14:20:02.013Z] DEXIE HEARTBEAT: Starting checks...
[2026-02-21T14:40:01.113Z] DEXIE HEARTBEAT: Starting checks...
[2026-02-21T15:00:01.208Z] DEXIE HEARTBEAT: Starting checks...
[2026-02-21T15:20:01.464Z] DEXIE HEARTBEAT: Starting checks...
[2026-02-21T15:40:01.556Z] DEXIE HEARTBEAT: Starting checks...
[2026-02-21T16:00:01.639Z] DEXIE HEARTBEAT: Starting checks...
[2026-02-21T16:20:01.868Z] DEXIE HEARTBEAT: Starting checks...
[2026-02-21T16:40:01.970Z] DEXIE HEARTBEAT: Starting checks...
[2026-02-21T17:00:01.959Z] DEXIE HEARTBEAT: Starting checks...
[2026-02-21T17:20:01.302Z] DEXIE HEARTBEAT: Starting checks...
[2026-02-21T17:40:01.398Z] DEXIE HEARTBEAT: Starting checks...
[2026-02-21T18:00:01.474Z] DEXIE HEARTBEAT: Starting checks...
[2026-02-21T18:20:01.693Z] DEXIE HEARTBEAT: Starting checks...
[2026-02-21T18:40:01.815Z] DEXIE HEARTBEAT: Starting checks...
[2026-02-21T19:00:01.906Z] DEXIE HEARTBEAT: Starting checks...
[2026-02-21T19:20:01.217Z] DEXIE HEARTBEAT: Starting checks...
[2026-02-21T19:40:01.333Z] DEXIE HEARTBEAT: Starting checks...
[2026-02-21T20:00:01.417Z] DEXIE HEARTBEAT: Starting checks...
[2026-02-21T20:20:01.647Z] DEXIE HEARTBEAT: Starting checks...
[2026-02-21T20:40:01.747Z] DEXIE HEARTBEAT: Starting checks...
[2026-02-21T21:00:01.836Z] DEXIE HEARTBEAT: Starting checks...
[2026-02-21T21:20:01.066Z] DEXIE HEARTBEAT: Starting checks...
[2026-02-21T21:40:01.165Z] DEXIE HEARTBEAT: Starting checks...
[2026-02-21T22:00:01.251Z] DEXIE HEARTBEAT: Starting checks...
[2026-02-21T22:20:01.465Z] DEXIE HEARTBEAT: Starting checks...
[2026-02-21T22:40:01.576Z] DEXIE HEARTBEAT: Starting checks...
[2026-02-21T23:00:01.700Z] DEXIE HEARTBEAT: Starting checks...
[2026-02-21T23:20:01.308Z] DEXIE HEARTBEAT: Starting checks...
[2026-02-21T23:40:01.401Z] DEXIE HEARTBEAT: Starting checks...
[2026-02-22T00:00:01.488Z] DEXIE HEARTBEAT: Starting checks...
[2026-02-22T00:20:01.770Z] DEXIE HEARTBEAT: Starting checks...
[2026-02-22T00:40:01.867Z] DEXIE HEARTBEAT: Starting checks...
[2026-02-22T01:00:01.950Z] DEXIE HEARTBEAT: Starting checks...
[2026-02-22T01:20:01.178Z] DEXIE HEARTBEAT: Starting checks...
[2026-02-22T01:40:01.271Z] DEXIE HEARTBEAT: Starting checks...
[2026-02-22T02:00:01.364Z] DEXIE HEARTBEAT: Starting checks...
[2026-02-22T02:20:01.616Z] DEXIE HEARTBEAT: Starting checks...
[2026-02-22T02:40:01.704Z] DEXIE HEARTBEAT: Starting checks...
[2026-02-22T03:00:01.790Z] DEXIE HEARTBEAT: Starting checks...
[2026-02-22T03:20:02.024Z] DEXIE HEARTBEAT: Starting checks...
[2026-02-22T03:40:01.123Z] DEXIE HEARTBEAT: Starting checks...
[2026-02-22T04:00:01.200Z] DEXIE HEARTBEAT: Starting checks...
[2026-02-22T04:20:01.426Z] DEXIE HEARTBEAT: Starting checks...
[2026-02-22T04:40:01.511Z] DEXIE HEARTBEAT: Starting checks...
[2026-02-22T05:00:01.606Z] DEXIE HEARTBEAT: Starting checks...
[2026-02-22T05:20:01.837Z] DEXIE HEARTBEAT: Starting checks...
[2026-02-22T05:40:01.910Z] DEXIE HEARTBEAT: Starting checks...
[2026-02-22T06:00:01.992Z] DEXIE HEARTBEAT: Starting checks...
[2026-02-22T06:20:01.216Z] DEXIE HEARTBEAT: Starting checks...
[2026-02-22T06:40:01.295Z] DEXIE HEARTBEAT: Starting checks...
[2026-02-22T07:00:01.409Z] DEXIE HEARTBEAT: Starting checks...
[2026-02-22T07:20:01.632Z] DEXIE HEARTBEAT: Starting checks...
[2026-02-22T07:40:01.710Z] DEXIE HEARTBEAT: Starting checks...
[2026-02-22T08:20:01.071Z] DEXIE HEARTBEAT: Starting checks...
[2026-02-22T08:40:01.159Z] DEXIE HEARTBEAT: Starting checks...
[2026-02-22T09:00:01.139Z] DEXIE HEARTBEAT: Starting checks...
[2026-02-22T09:20:01.423Z] DEXIE HEARTBEAT: Starting checks...
[2026-02-22T09:40:01.501Z] DEXIE HEARTBEAT: Starting checks...
[2026-02-22T10:00:01.595Z] DEXIE HEARTBEAT: Starting checks...
[2026-02-22T10:20:01.851Z] DEXIE HEARTBEAT: Starting checks...
[2026-02-22T10:40:01.924Z] DEXIE HEARTBEAT: Starting checks...
[2026-02-22T11:00:02.010Z] DEXIE HEARTBEAT: Starting checks...
[2026-02-22T11:20:01.247Z] DEXIE HEARTBEAT: Starting checks...
[2026-02-22T11:40:01.343Z] DEXIE HEARTBEAT: Starting checks...
